2022-07-08 18:36:26:3626 - [31merror[39m: [31mErro no cadastro - Rota - input:bcrypt is not defined[39m
2022-07-09 11:22:48:2248 - [31merror[39m: [31mErro no cadastro - Rota - input:Class constructor Model cannot be invoked without 'new'[39m
2022-07-09 11:28:01:281 - [31merror[39m: [31mErro no cadastro - Rota - input:Missing where attribute in the options parameter passed to findOrCreate. Please note that the API has changed, and is now options only (an object with where, defaults keys, transaction etc.)[39m
2022-07-09 11:29:05:295 - [31merror[39m: [31mErro no cadastro - Rota - input:Class constructor Model cannot be invoked without 'new'[39m
2022-07-09 11:38:47:3847 - [31merror[39m: [31mErro no cadastro - Rota - input:notNull Violation: userLogin.name cannot be null[39m
2022-07-09 11:40:04:404 - [31merror[39m: [31mErro no cadastro - Rota - input:notNull Violation: userLogin.name cannot be null[39m
2022-07-09 11:44:08:448 - [31merror[39m: [31mErro no cadastro - Rota - input:Class constructor Model cannot be invoked without 'new'[39m
2022-07-09 11:44:48:4448 - [31merror[39m: [31mErro no cadastro - Rota - input:notNull Violation: userLogin.name cannot be null[39m
2022-07-09 11:45:53:4553 - [31merror[39m: [31mErro no cadastro - Rota - input:notNull Violation: userLogin.name cannot be null[39m
2022-07-09 12:56:31:5631 - [31merror[39m: [31mErro no cadastro - Rota - input:dataUser is not defined[39m
2022-07-09 20:43:13:4313 - [31merror[39m: [31mErro no cadastro - Rota - input:Cannot read properties of null (reading 'senha')[39m
2022-07-09 20:43:34:4334 - [31merror[39m: [31mErro no cadastro - Rota - input:Cannot read properties of null (reading 'senha')[39m
2022-07-09 20:46:28:4628 - [31merror[39m: [31mErro no cadastro - Rota - input:Cannot read properties of null (reading 'senha')[39m
2022-07-09 20:46:44:4644 - [31merror[39m: [31mErro no cadastro - Rota - input:Cannot read properties of null (reading 'senha')[39m
2022-07-09 20:46:47:4647 - [31merror[39m: [31mErro no cadastro - Rota - input:Cannot read properties of null (reading 'senha')[39m
2022-07-09 20:46:50:4650 - [31merror[39m: [31mErro no cadastro - Rota - input:Cannot read properties of null (reading 'senha')[39m
2022-07-09 20:47:12:4712 - [31merror[39m: [31mErro no cadastro - Rota - input:Cannot read properties of null (reading 'senha')[39m
2022-07-09 20:50:22:5022 - [31merror[39m: [31mErro no cadastro - Rota - input:Cannot read properties of null (reading 'senha')[39m
2022-07-09 20:51:39:5139 - [31merror[39m: [31mErro no cadastro - Rota - input:Cannot read properties of null (reading 'senha')[39m
2022-07-09 20:52:12:5212 - [31merror[39m: [31mErro no cadastro - Rota - input:Cannot read properties of null (reading 'senha')[39m
2022-07-09 20:52:55:5255 - [31merror[39m: [31mErro no cadastro - Rota - input:Cannot read properties of null (reading 'senha')[39m
2022-07-09 20:53:55:5355 - [31merror[39m: [31mErro no cadastro - Rota - input:Cannot read properties of null (reading 'senha')[39m
2022-07-09 20:54:39:5439 - [31merror[39m: [31mErro no cadastro - Rota - input:Cannot read properties of null (reading 'senha')[39m
2022-07-09 20:54:45:5445 - [31merror[39m: [31mErro no cadastro - Rota - input:Cannot read properties of null (reading 'senha')[39m
2022-07-09 20:55:40:5540 - [31merror[39m: [31mErro no cadastro - Rota - input:Cannot read properties of null (reading 'senha')[39m
2022-07-09 21:00:01:01 - [31merror[39m: [31mErro no cadastro - Rota - input:Cannot read properties of null (reading 'senha')[39m
2022-07-09 21:00:46:046 - [31merror[39m: [31mErro no cadastro - Rota - input:Cannot read properties of null (reading 'senha')[39m
2022-07-09 21:01:39:139 - [31merror[39m: [31mErro no cadastro - Rota - input:Cannot read properties of null (reading 'senha')[39m
2022-07-09 21:02:26:226 - [31merror[39m: [31mErro no cadastro - Rota - input:Cannot read properties of null (reading 'senha')[39m
2022-07-09 21:03:01:31 - [31merror[39m: [31mErro no cadastro - Rota - input:Cannot read properties of null (reading 'senha')[39m
2022-07-09 21:03:40:340 - [31merror[39m: [31mErro no cadastro - Rota - input:Illegal arguments: string, undefined[39m
2022-07-09 21:05:15:515 - [31merror[39m: [31mErro no cadastro - Rota - input:Illegal arguments: string, undefined[39m
2022-07-09 21:05:19:519 - [31merror[39m: [31mErro no cadastro - Rota - input:Illegal arguments: string, undefined[39m
2022-07-09 21:06:07:67 - [31merror[39m: [31mErro no cadastro - Rota - input:Illegal arguments: string, undefined[39m
2022-07-09 21:06:27:627 - [31merror[39m: [31mErro no cadastro - Rota - input:Illegal arguments: string, undefined[39m
2022-07-09 21:07:32:732 - [31merror[39m: [31mErro no cadastro - Rota - input:Illegal arguments: string, undefined[39m
2022-07-09 21:07:55:755 - [31merror[39m: [31mErro no cadastro - Rota - input:Illegal arguments: string, undefined[39m
2022-07-09 21:08:48:848 - [31merror[39m: [31mErro no cadastro - Rota - input:Illegal arguments: string, undefined[39m
2022-07-09 21:10:02:102 - [31merror[39m: [31mErro no cadastro - Rota - input:Illegal arguments: string, undefined[39m
2022-07-09 21:10:15:1015 - [31merror[39m: [31mErro no cadastro - Rota - input:Illegal arguments: string, undefined[39m
2022-07-09 21:11:03:113 - [31merror[39m: [31mErro no cadastro - Rota - input:Illegal arguments: string, undefined[39m
2022-07-09 21:14:03:143 - [31merror[39m: [31mErro no cadastro - Rota - input:Illegal arguments: string, undefined[39m
2022-07-09 21:14:49:1449 - [31merror[39m: [31mErro no cadastro - Rota - input:Illegal arguments: string, undefined[39m
2022-07-09 21:15:21:1521 - [31merror[39m: [31mErro no cadastro - Rota - input:Illegal arguments: string, undefined[39m
2022-07-09 21:16:12:1612 - [31merror[39m: [31mErro no cadastro - Rota - input:Illegal arguments: string, undefined[39m
2022-07-09 21:17:33:1733 - [31merror[39m: [31mErro no cadastro - Rota - input:Illegal arguments: string, undefined[39m
2022-07-09 21:18:53:1853 - [31merror[39m: [31mErro no cadastro - Rota - input:Illegal arguments: string, undefined[39m
2022-07-09 21:19:31:1931 - [31merror[39m: [31mErro no cadastro - Rota - input:Illegal arguments: string, undefined[39m
