2022-07-08 17:02:55:255 - [32minfo[39m: [32mlistening on [39m
2022-07-08 17:03:22:322 - [32minfo[39m: [32mlistening on 3333[39m
2022-07-08 17:05:57:557 - [32minfo[39m: [32mlistening on 3333[39m
2022-07-08 17:06:21:621 - [32minfo[39m: [32mlistening on 3333[39m
2022-07-08 17:06:52:652 - [32minfo[39m: [32mlistening on 3333[39m
2022-07-08 17:07:24:724 - [32minfo[39m: [32mlistening on 3333[39m
2022-07-08 18:10:04:104 - [32minfo[39m: [32mlistening on 3333[39m
2022-07-08 18:25:56:2556 - [32minfo[39m: [32mlistening on 3333[39m
2022-07-08 18:28:14:2814 - [32minfo[39m: [32mlistening on 3333[39m
2022-07-08 18:28:59:2859 - [32minfo[39m: [32mlistening on 3333[39m
2022-07-08 18:29:05:295 - [32minfo[39m: [32mlistening on 3333[39m
2022-07-08 18:31:25:3125 - [32minfo[39m: [32mlistening on 3333[39m
2022-07-08 18:36:24:3624 - [32minfo[39m: [32mlistening on 3333[39m
2022-07-08 18:36:26:3626 - [31merror[39m: [31mErro no cadastro - Rota - input:bcrypt is not defined[39m
2022-07-08 18:36:45:3645 - [32minfo[39m: [32mlistening on 3333[39m
2022-07-08 18:41:12:4112 - [32minfo[39m: [32mlistening on 3333[39m
2022-07-08 18:43:18:4318 - [32minfo[39m: [32m{[39m
[32m  nome: undefined,[39m
[32m  sobrenome: 'augusto dos santos',[39m
[32m  email: 'teste@teste.com',[39m
[32m  senha: '$2a$10$7JNev0d8t6DdFm55nAQicupXX0GvnoMtaGq1rDtSr.cUXak1.7SkC'[39m
[32m}[39m
2022-07-08 18:43:36:4336 - [32minfo[39m: [32mlistening on 3333[39m
2022-07-08 18:43:40:4340 - [32minfo[39m: [32m{[39m
[32m  nome: 'thiago',[39m
[32m  sobrenome: 'augusto dos santos',[39m
[32m  email: 'teste@teste.com',[39m
[32m  senha: '$2a$10$09g..U1JpJJeLZnydv7p3.soHeWxr44UxUdbrhKGBUAsui69KqGai'[39m
[32m}[39m
2022-07-08 18:44:11:4411 - [32minfo[39m: [32mlistening on 3333[39m
2022-07-08 18:44:31:4431 - [32minfo[39m: [32mlistening on 3333[39m
2022-07-08 19:00:48:048 - [32minfo[39m: [32mlistening on 3333[39m
2022-07-08 19:01:00:10 - [32minfo[39m: [32m{[39m
[32m  nome: '1',[39m
[32m  sobrenome: 'augusto dos santos',[39m
[32m  email: 'teste@teste.com',[39m
[32m  senha: '$2a$10$e5nn9NHK60KtOkOSRo/FtOx3U1kPrnL9cZRuK1ABsH.HLKSldShfa'[39m
[32m}[39m
2022-07-08 19:01:24:124 - [32minfo[39m: [32mlistening on 3333[39m
2022-07-08 19:01:28:128 - [32minfo[39m: [32m{[39m
[32m  nome: '1',[39m
[32m  sobrenome: 'augusto dos santos',[39m
[32m  email: 'teste@teste.com',[39m
[32m  senha: '$2a$10$8rL6xSRrMhn7lxnU3vywTu3uJYWSN1vhiNw2DuXKbr2tr8sV7ZKMO'[39m
[32m}[39m
2022-07-08 19:02:19:219 - [32minfo[39m: [32m{[39m
[32m  nome: '1',[39m
[32m  sobrenome: 'augusto dos santos',[39m
[32m  email: 'teste@teste.com',[39m
[32m  senha: '$2a$10$achTd0nlOzTnL8orAjJ.0u6w22L02.dOWR9wRiuVHmJ1f.R5vSpR6'[39m
[32m}[39m
2022-07-08 19:02:30:230 - [32minfo[39m: [32m{[39m
[32m  nome: '1r',[39m
[32m  sobrenome: 'augusto dos santos',[39m
[32m  email: 'teste@teste.com',[39m
[32m  senha: '$2a$10$Mu/c43rr5toTf1GwakNaMuNYaBepHOBqqwuut.x9UFiZFmpmCvCY6'[39m
[32m}[39m
2022-07-08 19:02:35:235 - [32minfo[39m: [32mlistening on 3333[39m
2022-07-08 19:02:37:237 - [32minfo[39m: [32m{[39m
[32m  nome: '1r',[39m
[32m  sobrenome: 'augusto dos santos',[39m
[32m  email: 'teste@teste.com',[39m
[32m  senha: '$2a$10$NkKnSo.e7m49qgZmmPeW3OhPOS67G7FMCI7MJcG5GjfbwkcHnyH3u'[39m
[32m}[39m
2022-07-08 19:07:48:748 - [32minfo[39m: [32mlistening on 3333[39m
2022-07-08 19:08:58:858 - [32minfo[39m: [32mlistening on 3333[39m
2022-07-08 19:09:14:914 - [32minfo[39m: [32mlistening on 3333[39m
2022-07-08 19:10:30:1030 - [32minfo[39m: [32m{[39m
[32m  nome: 'thiago',[39m
[32m  sobrenome: 'augusto dos santos',[39m
[32m  email: 'teste@teste.com',[39m
[32m  senha: '$2a$10$QRdCEnuljRmJtI3uLvovJuXtoh/tsfSjOGOn.yQptLuRKmp01Nfzq'[39m
[32m}[39m
2022-07-08 19:14:59:1459 - [32minfo[39m: [32mlistening on 3333[39m
2022-07-08 19:15:11:1511 - [32minfo[39m: [32mlistening on 3333[39m
2022-07-08 19:15:55:1555 - [32minfo[39m: [32mlistening on 3333[39m
2022-07-08 19:17:15:1715 - [32minfo[39m: [32mlistening on 3333[39m
2022-07-08 19:17:27:1727 - [32minfo[39m: [32mlistening on 3333[39m
2022-07-08 19:18:40:1840 - [32minfo[39m: [32mlistening on 3333[39m
2022-07-08 19:19:30:1930 - [32minfo[39m: [32mlistening on 3333[39m
2022-07-08 19:19:50:1950 - [32minfo[39m: [32m{[39m
[32m  nome: 'tgt',[39m
[32m  sobrenome: 'augusto dos santos',[39m
[32m  email: 'teste@teste.com',[39m
[32m  senha: '$2a$10$3iH2caNWLeAmH14Vo67FWOeIO7.bZptBEnBy2KNjaEiORetz6AYvu'[39m
[32m}[39m
2022-07-08 19:20:35:2035 - [32minfo[39m: [32m{[39m
[32m  nome: '444',[39m
[32m  sobrenome: 'augusto dos santos',[39m
[32m  email: 'teste@teste.com',[39m
[32m  senha: '$2a$10$fK4jRlmrwBlAJMbVvFW0ReMQUMwh78jO8jn8L2JbxPwdKLDnTetBy'[39m
[32m}[39m
2022-07-08 19:21:25:2125 - [32minfo[39m: [32mlistening on 3333[39m
2022-07-08 19:33:21:3321 - [32minfo[39m: [32mlistening on 3333[39m
2022-07-08 19:34:06:346 - [32minfo[39m: [32mlistening on 3333[39m
2022-07-08 19:34:10:3410 - [32minfo[39m: [32m{[39m
[32m  nome: '444',[39m
[32m  sobrenome: 'augusto dos santos',[39m
[32m  email: 'teste@teste.com',[39m
[32m  senha: '$2a$10$QbAqs2ZKIEKWCAKP4ek.OOga4/UGc3CjJJIaKhqJJ.rAPfNyrkKLK'[39m
[32m}[39m
2022-07-08 19:34:34:3434 - [32minfo[39m: [32mlistening on 3333[39m
2022-07-08 19:35:17:3517 - [32minfo[39m: [32mlistening on 3333[39m
2022-07-08 19:35:50:3550 - [32minfo[39m: [32mlistening on 3333[39m
2022-07-08 19:36:29:3629 - [32minfo[39m: [32mlistening on 3333[39m
2022-07-08 19:36:31:3631 - [32minfo[39m: [32m{[39m
[32m  nome: '444',[39m
[32m  sobrenome: 'augusto dos santos',[39m
[32m  email: 'teste@teste.com',[39m
[32m  senha: '$2a$10$2G/4Zlv4i4YNX1mWTtytrOTilDG6Yda5WBRN7gsqQhrt2JBRJfiFa'[39m
[32m}[39m
2022-07-08 19:36:54:3654 - [32minfo[39m: [32mlistening on 3333[39m
2022-07-08 19:36:56:3656 - [32minfo[39m: [32m{[39m
[32m  nome: '444',[39m
[32m  sobrenome: 'augusto dos santos',[39m
[32m  email: 'teste@teste.com',[39m
[32m  senha: '$2a$10$43Ugs4BxBU7OBmAT4MkrYOQfmLggXDGVTd4OyNQSzYF6jlxiqiy9q'[39m
[32m}[39m
2022-07-08 19:37:15:3715 - [32minfo[39m: [32mlistening on 3333[39m
2022-07-08 19:38:15:3815 - [32minfo[39m: [32mlistening on 3333[39m
2022-07-08 19:39:15:3915 - [32minfo[39m: [32mlistening on 3333[39m
2022-07-08 19:39:26:3926 - [32minfo[39m: [32mlistening on 3333[39m
2022-07-08 19:39:28:3928 - [32minfo[39m: [32m{[39m
[32m  nome: 'tttt',[39m
[32m  sobrenome: 'augusto dos santos',[39m
[32m  email: 'teste@teste.com',[39m
[32m  senha: '$2a$10$izptOWlX7N9TDMu7mHAy0OquFVi4Sfl94DHxvqRwugXcSDNUYg2B2'[39m
[32m}[39m
2022-07-08 19:48:10:4810 - [32minfo[39m: [32mlistening on 3333[39m
2022-07-08 19:49:02:492 - [32minfo[39m: [32mlistening on 3333[39m
2022-07-08 19:53:05:535 - [32minfo[39m: [32mlistening on 3333[39m
2022-07-08 19:53:15:5315 - [32minfo[39m: [32mlistening on 3333[39m
2022-07-08 19:53:51:5351 - [32minfo[39m: [32m{[39m
[32m  nome: '334*3',[39m
[32m  sobrenome: 'augusto dos santos',[39m
[32m  email: 'teste@teste.com',[39m
[32m  senha: '$2a$10$cBLbrnM8vvGxsMUh4GwbvOUVuBzHPgMGmXeT3pLT5v88gjTYhqdY.'[39m
[32m}[39m
2022-07-08 19:58:51:5851 - [32minfo[39m: [32mlistening on 3333[39m
2022-07-08 19:59:51:5951 - [32minfo[39m: [32mlistening on 3333[39m
2022-07-08 19:59:59:5959 - [32minfo[39m: [32mlistening on 3333[39m
2022-07-08 20:00:02:02 - [32minfo[39m: [32mlistening on 3333[39m
2022-07-08 20:00:06:06 - [32minfo[39m: [32mlistening on 3333[39m
2022-07-08 20:02:30:230 - [32minfo[39m: [32mlistening on 3333[39m
2022-07-08 20:03:19:319 - [32minfo[39m: [32m{[39m
[32m  nome: 'eea',[39m
[32m  sobrenome: 'augusto dos santos',[39m
[32m  email: 'teste@teste.com',[39m
[32m  senha: '$2a$10$a41mkCZ/fKl0UEb.LVmNz..nFuKM3KFNHB1wjEWEcsHYVYPvRFtVC'[39m
[32m}[39m
2022-07-08 20:03:25:325 - [32minfo[39m: [32m{[39m
[32m  nome: 'eea',[39m
[32m  sobrenome: 'augusto dos santos',[39m
[32m  email: 'teste@teste.com',[39m
[32m  senha: '$2a$10$pg/0RS8wWlwxRYf2el7R7O9/INls5qB2uqv16BhbjQ9d7FVTeX34O'[39m
[32m}[39m
2022-07-08 20:04:27:427 - [32minfo[39m: [32mlistening on 3333[39m
2022-07-08 20:04:47:447 - [32minfo[39m: [32mlistening on 3333[39m
2022-07-08 20:05:50:550 - [32minfo[39m: [32mlistening on 3333[39m
2022-07-08 20:06:34:634 - [32minfo[39m: [32mlistening on 3333[39m
2022-07-08 20:06:57:657 - [32minfo[39m: [32mlistening on 3333[39m
2022-07-08 20:07:00:70 - [32minfo[39m: [32mlistening on 3333[39m
2022-07-08 20:07:29:729 - [32minfo[39m: [32m{[39m
[32m  nome: 'eea',[39m
[32m  sobrenome: 'au',[39m
[32m  email: 'teste@teste.com',[39m
[32m  senha: '$2a$10$eatWLh5/RSGKOJtL98SFD.DtFsHJBTV7zsdCAilZUUB15xnxs96mS'[39m
[32m}[39m
2022-07-08 20:07:32:732 - [32minfo[39m: [32m{[39m
[32m  nome: 'eea',[39m
[32m  sobrenome: 'au',[39m
[32m  email: 'teste@teste.com',[39m
[32m  senha: '$2a$10$PLuX3gwTj2/Ck3ZSDbKZzeZoZCwfep7xPqmcD/FRxgxohTna930cK'[39m
[32m}[39m
2022-07-08 20:44:04:444 - [32minfo[39m: [32m{[39m
[32m  nome: 'eea',[39m
[32m  sobrenome: 'au',[39m
[32m  email: 'teste@teste.com',[39m
[32m  senha: '$2a$10$YwKCYOobKmCMpLaVROlK.ehimxEn.IZQKxudd/9IbT2PYvRaGPBvy'[39m
[32m}[39m
2022-07-08 20:44:31:4431 - [32minfo[39m: [32mlistening on 3333[39m
2022-07-08 20:45:04:454 - [32minfo[39m: [32mlistening on 3333[39m
2022-07-08 20:45:25:4525 - [32minfo[39m: [32mlistening on 3333[39m
2022-07-08 20:45:45:4545 - [32minfo[39m: [32mlistening on 3333[39m
2022-07-08 20:46:17:4617 - [32minfo[39m: [32m{[39m
[32m  nome: 'eea',[39m
[32m  sobrenome: 'silva sa',[39m
[32m  email: 'teste@teste.com',[39m
[32m  senha: '$2a$10$vzw94zVHQl76BN/wGYOHZOkt/nambRPAXebFQPe5b3liL5/oH6gCW'[39m
[32m}[39m
2022-07-08 20:47:02:472 - [32minfo[39m: [32m{[39m
[32m  nome: 'eea',[39m
[32m  sobrenome: 'silva sa',[39m
[32m  email: 'teste@teste.com',[39m
[32m  senha: '$2a$10$TVGP87Sm0yjAtLJ3vZJeDOSNJrQQ1FWXMsO01wLUMfhbwrRDLMnGO'[39m
[32m}[39m
2022-07-08 20:48:20:4820 - [32minfo[39m: [32mlistening on 3333[39m
2022-07-08 20:50:00:500 - [32minfo[39m: [32mlistening on 3333[39m
